[21 Mar, 2025 - 15:30:15:3015] [35mhttp[39m: [35m::1 POST /apis/category/add-category 404 - 11.871 ms[39m
[21 Mar, 2025 - 15:30:23:3023] [35mhttp[39m: [35m::1 POST /apis/add-category 404 - 1.733 ms[39m
[21 Mar, 2025 - 15:31:41:3141] [35mhttp[39m: [35m::1 POST /apis/add-category 404 - 1.556 ms[39m
[21 Mar, 2025 - 15:33:01:331] [35mhttp[39m: [35m::1 POST /apis/add-category 404 - 4.393 ms[39m
[21 Mar, 2025 - 15:33:08:338] [35mhttp[39m: [35m::1 POST /apis/add-category 404 - 0.702 ms[39m
[21 Mar, 2025 - 15:33:14:3314] [35mhttp[39m: [35m::1 POST /health 404 - 1.110 ms[39m
[21 Mar, 2025 - 15:33:23:3323] [35mhttp[39m: [35m::1 GET /health 200 - 5.134 ms[39m
[21 Mar, 2025 - 16:08:12:812] [31merror[39m: [31mno pg_hba.conf entry for host "49.43.160.245", user "postgres", database "postgres", no encryption[39m
[21 Mar, 2025 - 16:08:23:823] [35mhttp[39m: [35m::1 POST /apis/add-catgory 200 - 11282.638 ms[39m
[21 Mar, 2025 - 16:20:54:2054] [35mhttp[39m: [35m::1 POST /apis/add-catgory 200 - 10648.665 ms[39m
[21 Mar, 2025 - 16:24:11:2411] [35mhttp[39m: [35m::1 POST /apis/add-catgory 200 - 9996.741 ms[39m
[21 Mar, 2025 - 16:25:19:2519] [35mhttp[39m: [35m::1 POST /apis/add-catgory 200 - 3717.375 ms[39m
[21 Mar, 2025 - 16:26:15:2615] [35mhttp[39m: [35m::1 GET /apis/get-category-by-id/1 200 - 292.948 ms[39m
[21 Mar, 2025 - 16:26:26:2626] [35mhttp[39m: [35m::1 GET /apis/get-category-by-id/3 200 - 106.575 ms[39m
[21 Mar, 2025 - 16:28:40:2840] [35mhttp[39m: [35m::1 GET /apis/update-category/1 404 - 4.342 ms[39m
[21 Mar, 2025 - 16:28:55:2855] [35mhttp[39m: [35m::1 PUT /apis/update-category/1 200 - 471.886 ms[39m
[21 Mar, 2025 - 16:29:35:2935] [35mhttp[39m: [35m::1 DELETE /apis/delete-category/1 200 - 480.060 ms[39m
[21 Mar, 2025 - 16:34:57:3457] [31merror[39m: [31minsert into "variants" ("colour", "discount_price", "mrp", "name", "product_id", "size") values (DEFAULT, $1, $2, $3, $4, $5) - column "colour" of relation "variants" does not exist[39m
[21 Mar, 2025 - 16:34:57:3457] [35mhttp[39m: [35m::1 POST /apis/create-product 200 - 422.187 ms[39m
[21 Mar, 2025 - 16:35:44:3544] [35mhttp[39m: [35m::1 POST /apis/create-product 200 - 488.221 ms[39m
[21 Mar, 2025 - 16:35:56:3556] [35mhttp[39m: [35m::1 POST /apis/create-product 200 - 182.316 ms[39m
[21 Mar, 2025 - 16:35:57:3557] [35mhttp[39m: [35m::1 POST /apis/create-product 200 - 183.846 ms[39m
[21 Mar, 2025 - 16:37:56:3756] [35mhttp[39m: [35m::1 GET /apis/get-all-products 200 - 330.861 ms[39m
[21 Mar, 2025 - 16:39:27:3927] [35mhttp[39m: [35m::1 PUT /apis/update-produc/1 404 - 4.407 ms[39m
[21 Mar, 2025 - 16:39:35:3935] [31merror[39m: [31mupdate "products" set "name" = $1, "description" = $2, "image_url" = $3, "category_id" = $4, "variants" = $5 where "id" = $6 returning * - column "variants" of relation "products" does not exist[39m
[21 Mar, 2025 - 16:39:35:3935] [35mhttp[39m: [35m::1 PUT /apis/update-product/1 200 - 227.279 ms[39m
[21 Mar, 2025 - 16:39:51:3951] [31merror[39m: [31mupdate "products" set "name" = $1, "description" = $2, "image_url" = $3, "category_id" = $4, "variants" = $5 where "id" = $6 returning * - column "variants" of relation "products" does not exist[39m
[21 Mar, 2025 - 16:40:29:4029] [35mhttp[39m: [35m::1 PUT /apis/update-product/1 200 - 1874.999 ms[39m
[21 Mar, 2025 - 16:41:06:416] [35mhttp[39m: [35m::1 PUT /apis/update-product/3 200 - 1683.548 ms[39m
[21 Mar, 2025 - 16:44:30:4430] [35mhttp[39m: [35m::1 DELETE /apis/delete-product/3 200 - 684.905 ms[39m
[21 Mar, 2025 - 16:56:30:5630] [31merror[39m: [31minsert into "variants" ("color", "discount_price", "is_deleted", "mrp", "name", "product_id", "size") values ($1, $2, $3, $4, $5, $6, $7) returning * - insert or update on table "variants" violates foreign key constraint "variants_product_id_fkey"[39m
[21 Mar, 2025 - 16:56:30:5630] [35mhttp[39m: [35m::1 POST /apis/create-variant 200 - 569.589 ms[39m
[21 Mar, 2025 - 16:56:39:5639] [31merror[39m: [31minsert into "variants" ("color", "discount_price", "is_deleted", "mrp", "name", "product_id", "size") values ($1, $2, $3, $4, $5, $6, $7) returning * - insert or update on table "variants" violates foreign key constraint "variants_product_id_fkey"[39m
[21 Mar, 2025 - 16:56:58:5658] [35mhttp[39m: [35m::1 POST /apis/create-variant 200 - 19370.197 ms[39m
[21 Mar, 2025 - 16:57:02:572] [35mhttp[39m: [35m::1 POST /apis/create-variant 200 - 118.093 ms[39m
[21 Mar, 2025 - 17:01:02:12] [35mhttp[39m: [35m::1 GET /apis/get-all-variants 200 - 295.288 ms[39m
[21 Mar, 2025 - 17:02:27:227] [35mhttp[39m: [35m::1 PUT /apis/update-variant/4 200 - 3.146 ms[39m
[21 Mar, 2025 - 17:02:51:251] [35mhttp[39m: [35m::1 PUT /apis/update-variant/4 200 - 2.376 ms[39m
[21 Mar, 2025 - 17:03:34:334] [35mhttp[39m: [35m::1 PUT /apis/update-variant/4 200 - 2233.938 ms[39m
[21 Mar, 2025 - 17:04:36:436] [31merror[39m: [31mupdate "variants" set "name" = $1, "mrp" = $2, "discount_price" = $3, "size" = $4, "color" = $5 where "variant_id" = $6 and "is_deleted" = $7 returning * - column "variant_id" does not exist[39m
[21 Mar, 2025 - 17:04:36:436] [35mhttp[39m: [35m::1 PUT /apis/update-variant/4 200 - 2479.409 ms[39m
[21 Mar, 2025 - 17:05:05:55] [35mhttp[39m: [35m::1 PUT /apis/update-variant/4 200 - 1961.841 ms[39m
[21 Mar, 2025 - 17:06:11:611] [35mhttp[39m: [35m::1 DELETE /apis/delete-variant/4 200 - 425.655 ms[39m
[21 Mar, 2025 - 17:24:03:243] [35mhttp[39m: [35m::1 POST /apis/add-catgory 400 - 25.412 ms[39m
[21 Mar, 2025 - 17:24:18:2418] [35mhttp[39m: [35m::1 POST /apis/create-product 400 - 4.694 ms[39m
